# JRE version: OpenJDK Runtime Environment (21.0.8) (build 21.0.8+-14196175-b1038.72)
# Java VM: OpenJDK 64-Bit Server VM (21.0.8+-14196175-b1038.72, mixed mode, tiered, compressed oops, compressed class ptrs, g1 gc, windows-amd64)
GC Precious Log:
 CardTable entry size: 512
 Card Set container configuration: InlinePtr #cards 5 size 8 Array Of Cards #cards 12 size 40 Howl #buckets 4 coarsen threshold 1843 Howl Bitmap #cards 512 size 80 coarsen threshold 460 Card regions per heap region 1 cards per card region 2048
 CPUs: 12 total, 12 available
 Memory: 31957M
 Large Page Support: Disabled
 NUMA Support: Disabled
 Compressed Oops: Enabled (32-bit)
 Heap Region Size: 1M
 Heap Min Capacity: 8M
 Heap Initial Capacity: 500M
 Heap Max Capacity: 2G
 Pre-touch: Disabled
 Parallel Workers: 10
 Concurrent Workers: 3
 Concurrent Refinement Workers: 10
 Periodic GC: Disabled
Heap:
 garbage-first heap   total 326656K, used 156000K [0x0000000080000000, 0x0000000100000000)
  region size 1024K, 13 young (13312K), 11 survivors (11264K)
 Metaspace       used 105288K, committed 107328K, reserved 1179648K
  class space    used 14650K, committed 15616K, reserved 1048576K
GC Heap History (20 events):
Event: 6.151 GC heap before
{Heap before GC invocations=10 (full 0):
 garbage-first heap   total 95232K, used 81731K [0x0000000080000000, 0x0000000100000000)
  region size 1024K, 21 young (21504K), 2 survivors (2048K)
 Metaspace       used 43590K, committed 44800K, reserved 1114112K
  class space    used 6286K, committed 6848K, reserved 1048576K
}
Event: 6.153 GC heap after
{Heap after GC invocations=11 (full 0):
 garbage-first heap   total 95232K, used 64504K [0x0000000080000000, 0x0000000100000000)
  region size 1024K, 3 young (3072K), 3 survivors (3072K)
 Metaspace       used 43590K, committed 44800K, reserved 1114112K
  class space    used 6286K, committed 6848K, reserved 1048576K
}
Event: 6.331 GC heap before
{Heap before GC invocations=12 (full 0):
 garbage-first heap   total 109568K, used 83960K [0x0000000080000000, 0x0000000100000000)
  region size 1024K, 23 young (23552K), 3 survivors (3072K)
 Metaspace       used 48403K, committed 49600K, reserved 1114112K
  class space    used 6834K, committed 7424K, reserved 1048576K
}
Event: 6.342 GC heap after
{Heap after GC invocations=13 (full 0):
 garbage-first heap   total 311296K, used 66946K [0x0000000080000000, 0x0000000100000000)
  region size 1024K, 3 young (3072K), 3 survivors (3072K)
 Metaspace       used 48403K, committed 49600K, reserved 1114112K
  class space    used 6834K, committed 7424K, reserved 1048576K
}
Event: 7.830 GC heap before
{Heap before GC invocations=13 (full 0):
 garbage-first heap   total 311296K, used 256386K [0x0000000080000000, 0x0000000100000000)
  region size 1024K, 182 young (186368K), 3 survivors (3072K)
 Metaspace       used 59563K, committed 60928K, reserved 1114112K
  class space    used 8475K, committed 9088K, reserved 1048576K
}
Event: 7.836 GC heap after
{Heap after GC invocations=14 (full 0):
 garbage-first heap   total 311296K, used 80446K [0x0000000080000000, 0x0000000100000000)
  region size 1024K, 15 young (15360K), 15 survivors (15360K)
 Metaspace       used 59563K, committed 60928K, reserved 1114112K
  class space    used 8475K, committed 9088K, reserved 1048576K
}
Event: 8.411 GC heap before
{Heap before GC invocations=14 (full 0):
 garbage-first heap   total 311296K, used 164414K [0x0000000080000000, 0x0000000100000000)
  region size 1024K, 98 young (100352K), 15 survivors (15360K)
 Metaspace       used 62866K, committed 64256K, reserved 1114112K
  class space    used 8858K, committed 9536K, reserved 1048576K
}
Event: 8.415 GC heap after
{Heap after GC invocations=15 (full 0):
 garbage-first heap   total 311296K, used 85564K [0x0000000080000000, 0x0000000100000000)
  region size 1024K, 17 young (17408K), 17 survivors (17408K)
 Metaspace       used 62866K, committed 64256K, reserved 1114112K
  class space    used 8858K, committed 9536K, reserved 1048576K
}
Event: 10.020 GC heap before
{Heap before GC invocations=16 (full 0):
 garbage-first heap   total 307200K, used 267836K [0x0000000080000000, 0x0000000100000000)
  region size 1024K, 180 young (184320K), 17 survivors (17408K)
 Metaspace       used 73623K, committed 75264K, reserved 1114112K
  class space    used 10292K, committed 11072K, reserved 1048576K
}
Event: 10.025 GC heap after
{Heap after GC invocations=17 (full 0):
 garbage-first heap   total 307200K, used 104070K [0x0000000080000000, 0x0000000100000000)
  region size 1024K, 12 young (12288K), 12 survivors (12288K)
 Metaspace       used 73623K, committed 75264K, reserved 1114112K
  class space    used 10292K, committed 11072K, reserved 1048576K
}
Event: 11.590 GC heap before
{Heap before GC invocations=17 (full 0):
 garbage-first heap   total 307200K, used 273030K [0x0000000080000000, 0x0000000100000000)
  region size 1024K, 178 young (182272K), 12 survivors (12288K)
 Metaspace       used 80113K, committed 81792K, reserved 1179648K
  class space    used 11235K, committed 12032K, reserved 1048576K
}
Event: 11.596 GC heap after
{Heap after GC invocations=18 (full 0):
 garbage-first heap   total 307200K, used 112336K [0x0000000080000000, 0x0000000100000000)
  region size 1024K, 20 young (20480K), 20 survivors (20480K)
 Metaspace       used 80113K, committed 81792K, reserved 1179648K
  class space    used 11235K, committed 12032K, reserved 1048576K
}
Event: 12.101 GC heap before
{Heap before GC invocations=18 (full 0):
 garbage-first heap   total 307200K, used 176848K [0x0000000080000000, 0x0000000100000000)
  region size 1024K, 84 young (86016K), 20 survivors (20480K)
 Metaspace       used 80280K, committed 82048K, reserved 1179648K
  class space    used 11257K, committed 12096K, reserved 1048576K
}
Event: 12.106 GC heap after
{Heap after GC invocations=19 (full 0):
 garbage-first heap   total 307200K, used 113859K [0x0000000080000000, 0x0000000100000000)
  region size 1024K, 13 young (13312K), 13 survivors (13312K)
 Metaspace       used 80280K, committed 82048K, reserved 1179648K
  class space    used 11257K, committed 12096K, reserved 1048576K
}
Event: 14.507 GC heap before
{Heap before GC invocations=20 (full 0):
 garbage-first heap   total 307200K, used 296131K [0x0000000080000000, 0x0000000100000000)
  region size 1024K, 173 young (177152K), 13 survivors (13312K)
 Metaspace       used 93424K, committed 95296K, reserved 1179648K
  class space    used 12997K, committed 13888K, reserved 1048576K
}
Event: 14.514 GC heap after
{Heap after GC invocations=21 (full 0):
 garbage-first heap   total 326656K, used 144262K [0x0000000080000000, 0x0000000100000000)
  region size 1024K, 20 young (20480K), 20 survivors (20480K)
 Metaspace       used 93424K, committed 95296K, reserved 1179648K
  class space    used 12997K, committed 13888K, reserved 1048576K
}
Event: 16.440 GC heap before
{Heap before GC invocations=21 (full 0):
 garbage-first heap   total 326656K, used 291718K [0x0000000080000000, 0x0000000100000000)
  region size 1024K, 161 young (164864K), 20 survivors (20480K)
 Metaspace       used 103378K, committed 105344K, reserved 1179648K
  class space    used 14365K, committed 15296K, reserved 1048576K
}
Event: 16.446 GC heap after
{Heap after GC invocations=22 (full 0):
 garbage-first heap   total 326656K, used 153181K [0x0000000080000000, 0x0000000100000000)
  region size 1024K, 10 young (10240K), 10 survivors (10240K)
 Metaspace       used 103378K, committed 105344K, reserved 1179648K
  class space    used 14365K, committed 15296K, reserved 1048576K
}
Event: 16.666 GC heap before
{Heap before GC invocations=22 (full 0):
 garbage-first heap   total 326656K, used 177757K [0x0000000080000000, 0x0000000100000000)
  region size 1024K, 35 young (35840K), 10 survivors (10240K)
 Metaspace       used 105220K, committed 107264K, reserved 1179648K
  class space    used 14640K, committed 15616K, reserved 1048576K
}
Event: 16.669 GC heap after
{Heap after GC invocations=23 (full 0):
 garbage-first heap   total 326656K, used 153952K [0x0000000080000000, 0x0000000100000000)
  region size 1024K, 11 young (11264K), 11 survivors (11264K)
 Metaspace       used 105220K, committed 107264K, reserved 1179648K
  class space    used 14640K, committed 15616K, reserved 1048576K
}

